TN:
SF:src/App.tsx
FN:1,(empty-report)
FNF:1
FNH:0
FNDA:0,(empty-report)
DA:1,0
DA:2,0
DA:3,0
DA:5,0
DA:6,0
DA:7,0
DA:8,0
DA:9,0
DA:11,0
LF:9
LH:0
BRDA:1,0,0,0
BRF:1
BRH:0
end_of_record
TN:
SF:src/components/add/AddCampaignButton.tsx
FN:1,(empty-report)
FNF:1
FNH:0
FNDA:0,(empty-report)
DA:1,0
DA:2,0
DA:4,0
DA:5,0
DA:6,0
DA:7,0
DA:8,0
DA:9,0
DA:10,0
DA:11,0
DA:13,0
DA:14,0
DA:15,0
DA:17,0
LF:14
LH:0
BRDA:1,0,0,0
BRF:1
BRH:0
end_of_record
TN:
SF:src/components/add/AddCampaignDialog.tsx
FN:3,AddCampaignDialog
FN:53,onChange
FN:57,onBlur
FN:72,onChange
FN:82,onChange
FN:98,onFocus
FN:101,onBlur
FN:104,onChange
FN:118,onChange
FNF:9
FNH:6
FNDA:16,AddCampaignDialog
FNDA:9,onChange
FNDA:1,onBlur
FNDA:0,onChange
FNDA:0,onChange
FNDA:1,onFocus
FNDA:1,onBlur
FNDA:3,onChange
FNDA:0,onChange
DA:1,1
DA:3,16
DA:4,16
DA:5,16
DA:6,16
DA:7,16
DA:8,16
DA:9,16
DA:10,16
DA:11,16
DA:12,16
DA:13,16
DA:14,16
DA:15,16
DA:16,16
DA:17,16
DA:18,16
DA:19,16
DA:20,16
DA:21,16
DA:22,16
DA:23,16
DA:24,16
DA:26,16
DA:27,16
DA:28,16
DA:29,16
DA:30,16
DA:31,16
DA:32,16
DA:34,16
DA:35,16
DA:36,16
DA:37,16
DA:38,16
DA:39,16
DA:40,16
DA:42,16
DA:43,16
DA:45,16
DA:47,16
DA:48,16
DA:49,16
DA:50,16
DA:51,16
DA:52,16
DA:53,16
DA:54,9
DA:55,9
DA:56,9
DA:57,16
DA:58,16
DA:59,16
DA:60,16
DA:61,16
DA:62,16
DA:63,16
DA:64,16
DA:66,16
DA:67,16
DA:68,16
DA:69,16
DA:70,16
DA:71,16
DA:72,16
DA:73,16
DA:74,16
DA:75,16
DA:76,16
DA:77,16
DA:78,16
DA:79,16
DA:80,16
DA:81,16
DA:82,16
DA:83,16
DA:84,16
DA:85,16
DA:86,16
DA:87,16
DA:89,16
DA:90,16
DA:91,16
DA:92,16
DA:93,16
DA:94,16
DA:95,16
DA:96,16
DA:97,16
DA:98,16
DA:99,1
DA:100,1
DA:101,16
DA:102,1
DA:103,1
DA:104,16
DA:105,16
DA:106,16
DA:107,16
DA:108,16
DA:110,16
DA:111,16
DA:112,16
DA:113,16
DA:114,16
DA:115,16
DA:116,16
DA:117,16
DA:118,16
DA:119,16
DA:120,16
DA:122,16
DA:123,0
DA:125,0
DA:127,16
DA:128,16
DA:130,16
DA:131,16
DA:133,16
DA:134,16
DA:135,16
DA:136,16
DA:137,16
DA:138,16
DA:140,16
DA:141,16
DA:142,16
DA:143,16
DA:144,16
DA:146,16
LF:130
LH:128
BRDA:3,0,0,16
BRDA:63,1,0,2
BRDA:87,2,0,0
BRDA:107,3,0,0
BRDA:122,4,0,0
BRDA:53,5,0,9
BRDA:54,6,0,2
BRDA:57,7,0,1
BRDA:98,8,0,1
BRDA:101,9,0,1
BRDA:102,10,0,0
BRDA:104,11,0,3
BRF:12
BRH:8
end_of_record
TN:
SF:src/components/campaigns/CampaignTable.tsx
FN:10,CampaignTable
FN:45,onChange
FN:77,onFirst
FN:78,onPrev
FN:79,onNext
FN:80,onLast
FNF:6
FNH:2
FNDA:3,CampaignTable
FNDA:1,onChange
FNDA:0,onFirst
FNDA:0,onPrev
FNDA:0,onNext
FNDA:0,onLast
DA:1,1
DA:2,1
DA:3,1
DA:4,1
DA:5,1
DA:6,1
DA:7,1
DA:8,1
DA:10,3
DA:11,3
DA:13,3
DA:14,3
DA:15,3
DA:16,3
DA:17,3
DA:18,3
DA:19,3
DA:20,3
DA:21,3
DA:22,3
DA:23,3
DA:24,3
DA:25,3
DA:27,3
DA:28,0
DA:29,0
DA:31,3
DA:32,3
DA:33,3
DA:34,3
DA:35,3
DA:36,3
DA:37,3
DA:38,3
DA:39,3
DA:40,3
DA:41,3
DA:42,3
DA:43,3
DA:44,3
DA:45,3
DA:46,3
DA:48,3
DA:49,3
DA:50,3
DA:51,3
DA:53,3
DA:54,3
DA:55,3
DA:56,3
DA:57,3
DA:58,42
DA:59,42
DA:60,42
DA:61,42
DA:62,42
DA:63,42
DA:64,42
DA:65,42
DA:66,42
DA:67,42
DA:68,42
DA:69,42
DA:70,3
DA:71,3
DA:72,3
DA:73,3
DA:74,3
DA:75,3
DA:76,3
DA:77,3
DA:78,3
DA:79,3
DA:80,3
DA:81,3
DA:82,3
DA:84,3
LF:77
LH:75
BRDA:10,0,0,3
BRDA:27,1,0,0
BRDA:45,2,0,1
BRDA:48,3,0,12
BRDA:57,4,0,42
BRF:5
BRH:4
end_of_record
TN:
SF:src/components/campaigns/LoadingRows.tsx
FN:1,(empty-report)
FNF:1
FNH:1
FNDA:1,(empty-report)
DA:3,0
DA:4,0
DA:5,0
DA:6,0
DA:7,0
DA:8,0
DA:9,0
DA:10,0
DA:11,0
DA:12,0
DA:13,0
DA:14,0
DA:15,0
DA:16,0
DA:17,0
DA:18,0
DA:19,0
DA:20,0
DA:21,0
DA:22,0
DA:23,0
DA:24,0
DA:26,0
DA:27,0
DA:28,0
DA:30,0
DA:31,0
DA:32,0
DA:34,0
DA:35,0
DA:36,0
DA:38,0
DA:39,0
DA:40,0
DA:42,0
DA:43,0
DA:44,0
DA:45,0
DA:46,0
DA:47,0
DA:48,0
DA:49,0
DA:51,0
LF:43
LH:0
BRDA:1,0,0,1
BRF:1
BRH:1
end_of_record
TN:
SF:src/components/campaigns/StatusBadge.tsx
FN:1,StatusBadge
FNF:1
FNH:1
FNDA:42,StatusBadge
DA:1,42
DA:2,42
DA:3,42
DA:4,42
DA:5,42
DA:7,42
DA:8,42
DA:9,42
DA:10,42
DA:11,42
DA:13,42
LF:11
LH:11
BRDA:1,0,0,42
BRDA:5,1,0,0
BRDA:8,2,0,0
BRDA:10,3,0,0
BRF:4
BRH:1
end_of_record
TN:
SF:src/components/campaigns/table/PaginationBar.tsx
FN:1,PaginationBar
FNF:1
FNH:1
FNDA:3,PaginationBar
DA:1,1
DA:2,3
DA:3,3
DA:4,3
DA:5,3
DA:6,3
DA:7,3
DA:8,3
DA:15,3
DA:16,3
DA:17,3
DA:18,3
DA:19,3
DA:20,3
DA:21,3
DA:22,3
DA:23,3
DA:24,3
DA:25,3
DA:26,3
DA:27,3
DA:29,3
DA:30,3
DA:31,3
DA:32,3
DA:33,3
DA:34,3
DA:36,3
DA:37,3
DA:38,3
DA:39,3
DA:40,3
DA:41,3
DA:43,3
DA:44,3
DA:45,3
DA:46,3
DA:47,3
DA:48,3
DA:50,3
DA:51,3
DA:52,3
DA:54,3
DA:55,1
LF:44
LH:44
BRDA:1,0,0,3
BRF:1
BRH:1
end_of_record
TN:
SF:src/components/campaigns/table/TableHeader.tsx
FN:3,TableHeader
FN:12,Th
FN:16,onClick
FNF:3
FNH:2
FNDA:3,TableHeader
FNDA:18,Th
FNDA:0,onClick
DA:3,3
DA:4,3
DA:5,3
DA:6,3
DA:7,3
DA:11,3
DA:12,3
DA:13,18
DA:14,18
DA:15,18
DA:16,18
DA:17,18
DA:19,18
DA:20,18
DA:21,18
DA:22,18
DA:23,18
DA:24,18
DA:27,3
DA:28,3
DA:29,3
DA:30,3
DA:31,3
DA:32,3
DA:33,3
DA:34,3
DA:35,3
DA:36,3
DA:37,3
DA:39,3
LF:30
LH:30
BRDA:3,0,0,3
BRDA:12,1,0,18
BRDA:21,2,0,3
BRDA:21,3,0,0
BRDA:21,4,0,15
BRF:5
BRH:4
end_of_record
TN:
SF:src/components/campaigns/table/TableRow.tsx
FN:18,TableRow
FNF:1
FNH:1
FNDA:42,TableRow
DA:2,1
DA:18,42
DA:19,42
DA:20,42
DA:21,42
DA:22,42
DA:23,42
DA:24,42
DA:25,42
DA:26,42
DA:27,42
DA:28,42
DA:29,42
DA:30,42
DA:31,42
DA:32,42
DA:33,42
DA:34,42
DA:35,42
DA:36,42
DA:37,42
DA:38,42
DA:39,42
DA:40,42
DA:41,42
DA:42,42
DA:43,42
DA:44,42
DA:46,42
LF:29
LH:29
BRDA:18,0,0,42
BRF:1
BRH:1
end_of_record
TN:
SF:src/components/filters/DateRangePicker.tsx
FN:1,(empty-report)
FNF:1
FNH:0
FNDA:0,(empty-report)
DA:1,0
DA:2,0
DA:4,0
DA:5,0
DA:6,0
DA:7,0
DA:9,0
DA:10,0
DA:11,0
DA:13,0
DA:14,0
DA:15,0
DA:17,0
DA:18,0
DA:19,0
DA:20,0
DA:21,0
DA:22,0
DA:23,0
DA:24,0
DA:25,0
DA:26,0
DA:27,0
DA:28,0
DA:29,0
DA:30,0
DA:31,0
DA:32,0
DA:33,0
DA:34,0
DA:35,0
DA:36,0
DA:37,0
DA:38,0
DA:39,0
DA:40,0
DA:42,0
DA:43,0
DA:45,0
LF:39
LH:0
BRDA:1,0,0,0
BRF:1
BRH:0
end_of_record
TN:
SF:src/components/filters/NameSearchInput.tsx
FN:7,NameSearchInput
FN:18,clearInput
FN:34,onChange
FNF:3
FNH:2
FNDA:7,NameSearchInput
FNDA:0,clearInput
FNDA:3,onChange
DA:2,1
DA:3,1
DA:4,1
DA:5,1
DA:7,7
DA:8,7
DA:9,7
DA:10,7
DA:11,7
DA:13,7
DA:14,7
DA:15,2
DA:16,7
DA:18,7
DA:19,0
DA:20,0
DA:21,0
DA:23,7
DA:24,7
DA:25,7
DA:27,7
DA:28,7
DA:29,7
DA:30,7
DA:31,7
DA:32,7
DA:33,7
DA:34,7
DA:35,7
DA:36,7
DA:37,7
DA:38,7
DA:39,6
DA:40,6
DA:41,6
DA:42,6
DA:43,6
DA:44,6
DA:46,6
DA:48,7
DA:49,7
DA:51,7
LF:42
LH:39
BRDA:7,0,0,7
BRDA:38,1,0,6
BRDA:9,2,0,9
BRDA:13,3,0,2
BRDA:14,4,0,2
BRDA:34,5,0,3
BRF:6
BRH:6
end_of_record
TN:
SF:src/components/filters/StatusTabs.tsx
FN:1,(empty-report)
FNF:1
FNH:0
FNDA:0,(empty-report)
DA:1,0
DA:2,0
DA:4,0
DA:5,0
DA:6,0
DA:7,0
DA:8,0
DA:10,0
DA:11,0
DA:12,0
DA:14,0
DA:15,0
DA:16,0
DA:17,0
DA:18,0
DA:19,0
DA:20,0
DA:21,0
DA:22,0
DA:24,0
DA:25,0
DA:26,0
DA:27,0
DA:29,0
DA:30,0
DA:32,0
DA:33,0
DA:35,0
LF:28
LH:0
BRDA:1,0,0,0
BRF:1
BRH:0
end_of_record
TN:
SF:src/components/shared/ErrorBanner.tsx
FN:1,(empty-report)
FNF:1
FNH:0
FNDA:0,(empty-report)
DA:1,0
DA:2,0
DA:3,0
DA:4,0
DA:7,0
DA:8,0
DA:9,0
DA:10,0
DA:11,0
DA:13,0
DA:14,0
DA:15,0
DA:17,0
DA:19,0
DA:21,0
LF:15
LH:0
BRDA:1,0,0,0
BRF:1
BRH:0
end_of_record
TN:
SF:src/data/seedCampaigns.ts
FNF:0
FNH:0
DA:3,1
DA:4,1
DA:5,1
DA:6,1
DA:7,1
DA:8,1
DA:9,1
DA:10,1
DA:11,1
DA:12,1
DA:13,1
DA:14,1
DA:15,1
DA:16,1
DA:17,1
DA:18,1
DA:19,1
DA:20,1
DA:21,1
DA:22,1
DA:23,1
DA:24,1
DA:25,1
DA:26,1
DA:27,1
DA:28,1
DA:29,1
DA:30,1
DA:31,1
DA:32,1
DA:33,1
DA:34,1
DA:35,1
DA:36,1
DA:37,1
DA:38,1
DA:39,1
DA:40,1
DA:41,1
DA:42,1
DA:43,1
DA:44,1
DA:45,1
DA:46,1
DA:47,1
DA:48,1
DA:49,1
DA:50,1
DA:51,1
DA:52,1
DA:53,1
DA:54,1
DA:55,1
DA:56,1
DA:57,1
DA:58,1
DA:59,1
DA:60,1
DA:61,1
DA:62,1
DA:63,1
LF:61
LH:61
BRF:0
BRH:0
end_of_record
TN:
SF:src/hooks/useAddCampaignForm.ts
FN:5,useAddCampaignForm
FN:53,onKey
FN:61,normalizeBudget
FN:66,onBudgetChange
FN:69,onStartChange
FN:73,onEndChange
FN:78,onSubmit
FNF:7
FNH:5
FNDA:16,useAddCampaignForm
FNDA:11,onKey
FNDA:3,normalizeBudget
FNDA:3,onBudgetChange
FNDA:0,onStartChange
FNDA:0,onEndChange
FNDA:1,onSubmit
DA:1,1
DA:2,1
DA:3,1
DA:5,1
DA:6,16
DA:7,16
DA:8,16
DA:11,16
DA:12,16
DA:13,16
DA:16,16
DA:17,16
DA:20,16
DA:21,16
DA:23,16
DA:24,16
DA:25,16
DA:26,0
DA:28,16
DA:29,16
DA:30,13
DA:31,13
DA:32,16
DA:33,16
DA:35,16
DA:36,16
DA:37,16
DA:38,3
DA:39,16
DA:40,1
DA:41,1
DA:42,16
DA:43,16
DA:44,16
DA:45,16
DA:46,16
DA:48,16
DA:49,16
DA:52,16
DA:53,2
DA:54,11
DA:55,11
DA:56,2
DA:57,2
DA:58,16
DA:61,16
DA:62,3
DA:63,3
DA:64,3
DA:65,3
DA:66,16
DA:69,16
DA:70,0
DA:71,0
DA:72,0
DA:73,16
DA:74,0
DA:75,0
DA:76,0
DA:78,16
DA:79,1
DA:80,1
DA:81,1
DA:82,1
DA:83,1
DA:84,1
DA:85,1
DA:86,1
DA:87,1
DA:88,1
DA:89,1
DA:90,1
DA:91,1
DA:92,1
DA:94,16
DA:96,16
DA:97,16
DA:98,16
DA:99,16
DA:100,16
DA:101,16
DA:102,16
DA:103,16
DA:104,16
DA:105,16
DA:106,16
DA:107,16
DA:109,16
DA:110,16
DA:111,16
DA:112,16
DA:114,16
DA:115,16
DA:116,16
DA:117,16
DA:118,16
DA:119,16
LF:97
LH:90
BRDA:5,0,0,16
BRDA:23,1,0,0
BRDA:25,2,0,0
BRDA:48,3,0,12
BRDA:49,4,0,2
BRDA:49,5,0,14
BRDA:7,6,0,19
BRDA:8,7,0,19
BRDA:29,8,0,13
BRDA:30,9,0,1
BRDA:35,10,0,16
BRDA:37,11,0,3
BRDA:39,12,0,13
BRDA:39,13,0,1
BRDA:42,14,0,0
BRDA:42,15,0,0
BRDA:42,16,0,0
BRDA:44,17,0,0
BRDA:52,18,0,2
BRDA:53,19,0,11
BRDA:54,20,0,0
BRDA:57,21,0,2
BRDA:61,22,0,3
BRDA:62,23,0,0
BRDA:63,24,0,0
BRDA:66,25,0,3
BRDA:78,26,0,1
BRDA:80,27,0,0
BRDA:88,28,0,0
BRF:29
BRH:18
end_of_record
TN:
SF:src/hooks/useAppDispatch.ts
FN:1,(empty-report)
FNF:1
FNH:0
FNDA:0,(empty-report)
DA:1,0
DA:4,0
LF:2
LH:0
BRDA:1,0,0,0
BRF:1
BRH:0
end_of_record
TN:
SF:src/hooks/useAppSelector.ts
FN:1,(empty-report)
FNF:1
FNH:0
FNDA:0,(empty-report)
DA:1,0
DA:4,0
LF:2
LH:0
BRDA:1,0,0,0
BRF:1
BRH:0
end_of_record
TN:
SF:src/hooks/useCampaignTable.ts
FN:26,compare
FN:34,useCampaignTable
FN:56,setSort
FNF:3
FNH:3
FNDA:83,compare
FNDA:14,useCampaignTable
FNDA:5,setSort
DA:1,1
DA:26,83
DA:27,83
DA:28,83
DA:29,83
DA:31,0
DA:32,0
DA:34,1
DA:35,14
DA:36,14
DA:37,14
DA:38,14
DA:40,14
DA:41,11
DA:42,83
DA:43,83
DA:44,83
DA:45,83
DA:46,11
DA:47,11
DA:48,14
DA:50,14
DA:51,14
DA:52,14
DA:53,14
DA:54,14
DA:56,14
DA:57,5
DA:58,3
DA:59,3
DA:60,3
DA:61,3
DA:62,5
DA:64,14
DA:65,14
DA:66,14
DA:67,14
DA:68,14
DA:69,14
DA:70,14
DA:71,14
DA:72,14
DA:73,14
DA:74,14
DA:75,14
DA:76,14
DA:77,14
DA:78,14
DA:79,14
LF:49
LH:47
BRDA:26,0,0,83
BRDA:27,1,0,60
BRDA:27,2,0,60
BRDA:27,3,0,53
BRDA:27,4,0,23
BRDA:28,5,0,12
BRDA:28,6,0,53
BRDA:28,7,0,12
BRDA:28,8,0,11
BRDA:29,9,0,53
BRDA:29,10,0,11
BRDA:29,11,0,6
BRDA:29,12,0,5
BRDA:29,13,0,6
BRDA:29,14,0,5
BRDA:29,15,0,0
BRDA:34,16,0,14
BRDA:40,17,0,11
BRDA:41,18,0,83
BRDA:45,19,0,71
BRDA:45,20,0,12
BRDA:56,21,0,5
BRDA:57,22,0,2
BRDA:57,23,0,3
BRDA:57,24,0,2
BRDA:57,25,0,0
BRF:26
BRH:24
end_of_record
TN:
SF:src/hooks/useCampaignsLoad.ts
FN:1,(empty-report)
FNF:1
FNH:0
FNDA:0,(empty-report)
DA:1,0
DA:2,0
DA:3,0
DA:5,0
DA:6,0
DA:7,0
DA:8,0
DA:9,0
DA:10,0
DA:11,0
LF:10
LH:0
BRDA:1,0,0,0
BRF:1
BRH:0
end_of_record
TN:
SF:src/hooks/useDebouncedValue.ts
FN:3,useDebouncedValue
FNF:1
FNH:1
FNDA:7,useDebouncedValue
DA:1,1
DA:3,1
DA:4,7
DA:5,7
DA:6,4
DA:7,4
DA:8,7
DA:9,7
DA:10,7
LF:9
LH:9
BRDA:3,0,0,7
BRDA:5,1,0,4
BRDA:6,2,0,1
BRDA:7,3,0,4
BRF:4
BRH:4
end_of_record
TN:
SF:src/hooks/useUsersLoad.ts
FN:1,(empty-report)
FNF:1
FNH:0
FNDA:0,(empty-report)
DA:1,0
DA:2,0
DA:3,0
DA:5,0
DA:6,0
DA:7,0
DA:8,0
DA:9,0
DA:10,0
DA:11,0
LF:10
LH:0
BRDA:1,0,0,0
BRF:1
BRH:0
end_of_record
TN:
SF:src/pages/Dashboard/Dashboard.tsx
FN:1,(empty-report)
FNF:1
FNH:0
FNDA:0,(empty-report)
DA:1,0
DA:2,0
DA:3,0
DA:4,0
DA:5,0
DA:6,0
DA:7,0
DA:8,0
DA:9,0
DA:10,0
DA:11,0
DA:12,0
DA:14,0
DA:15,0
DA:17,0
DA:18,0
DA:20,0
DA:21,0
DA:23,0
DA:24,0
DA:26,0
DA:27,0
DA:29,0
DA:30,0
DA:31,0
DA:32,0
DA:33,0
DA:34,0
DA:35,0
DA:36,0
DA:39,0
DA:41,0
DA:42,0
DA:44,0
DA:45,0
DA:46,0
DA:47,0
DA:48,0
DA:49,0
DA:50,0
DA:51,0
DA:54,0
DA:55,0
DA:56,0
DA:61,0
DA:62,0
DA:64,0
DA:65,0
DA:66,0
DA:67,0
DA:68,0
DA:72,0
DA:73,0
DA:74,0
DA:75,0
DA:78,0
DA:79,0
DA:80,0
DA:81,0
DA:82,0
DA:86,0
DA:87,0
DA:88,0
DA:89,0
DA:91,0
DA:92,0
DA:94,0
LF:67
LH:0
BRDA:1,0,0,0
BRF:1
BRH:0
end_of_record
TN:
SF:src/redux/hooks.ts
FN:4,useAppDispatch
FNF:1
FNH:1
FNDA:23,useAppDispatch
DA:1,1
DA:4,1
DA:5,1
LF:3
LH:3
BRDA:4,0,0,23
BRF:1
BRH:1
end_of_record
TN:
SF:src/redux/store.ts
FN:1,(empty-report)
FNF:1
FNH:0
FNDA:0,(empty-report)
DA:1,0
DA:2,0
DA:3,0
DA:4,0
DA:6,0
DA:7,0
DA:8,0
DA:9,0
DA:10,0
DA:11,0
DA:12,0
LF:11
LH:0
BRDA:1,0,0,0
BRF:1
BRH:0
end_of_record
TN:
SF:src/redux/campaigns/campaignsSlice.ts
FN:5,toISO
FN:10,normalize
FN:48,addManyRaw
FN:52,addOne
FN:56,extraReducers
FNF:5
FNH:2
FNDA:0,toISO
FNDA:0,normalize
FNDA:0,addManyRaw
FNDA:2,addOne
FNDA:4,extraReducers
DA:1,1
DA:3,1
DA:5,1
DA:6,0
DA:7,0
DA:8,0
DA:10,1
DA:11,0
DA:12,0
DA:13,0
DA:14,0
DA:15,0
DA:16,0
DA:17,0
DA:19,1
DA:20,1
DA:21,1
DA:22,0
DA:23,0
DA:24,0
DA:25,0
DA:26,0
DA:27,0
DA:28,0
DA:29,0
DA:30,1
DA:38,1
DA:39,1
DA:40,1
DA:41,1
DA:42,1
DA:44,1
DA:45,1
DA:46,1
DA:47,1
DA:48,1
DA:49,0
DA:50,0
DA:51,0
DA:52,1
DA:53,2
DA:54,2
DA:55,1
DA:56,1
DA:57,4
DA:58,0
DA:59,0
DA:60,4
DA:61,4
DA:62,0
DA:63,0
DA:64,4
DA:65,4
DA:66,0
DA:67,0
DA:68,4
DA:69,4
DA:70,1
DA:72,1
DA:73,1
LF:60
LH:33
BRDA:52,0,0,2
BRDA:56,1,0,4
BRF:2
BRH:2
end_of_record
TN:
SF:src/redux/campaigns/selectors.ts
FN:5,usersById
FN:6,campaigns
FN:7,nameQuery
FN:8,dateRange
FN:9,statusFilter
FN:11,invalidRange
FN:12,inRangeInclusive
FN:15,isActiveToday
FNF:8
FNH:8
FNDA:6,usersById
FNDA:6,campaigns
FNDA:6,nameQuery
FNDA:6,dateRange
FNDA:6,statusFilter
FNDA:36,invalidRange
FNDA:70,inRangeInclusive
FNDA:35,isActiveToday
DA:1,1
DA:5,1
DA:6,1
DA:7,1
DA:8,1
DA:9,1
DA:11,1
DA:12,1
DA:13,70
DA:15,1
DA:16,35
DA:17,35
DA:18,35
DA:20,1
DA:21,1
DA:22,1
DA:23,4
DA:24,4
DA:25,4
DA:27,4
DA:28,36
DA:29,36
DA:32,36
DA:34,35
DA:35,35
DA:36,35
DA:37,36
DA:39,0
DA:41,0
DA:42,0
DA:45,0
DA:46,0
DA:47,0
DA:50,35
DA:51,4
DA:53,4
DA:54,35
DA:55,35
DA:56,35
DA:57,4
DA:59,4
DA:60,4
DA:61,4
DA:62,4
DA:63,1
LF:45
LH:39
BRDA:5,0,0,6
BRDA:6,1,0,6
BRDA:7,2,0,6
BRDA:8,3,0,6
BRDA:9,4,0,6
BRDA:11,5,0,36
BRDA:12,6,0,70
BRDA:15,7,0,35
BRDA:22,8,0,4
BRDA:24,9,0,0
BRDA:25,10,0,0
BRDA:59,11,0,0
BRDA:60,12,0,0
BRDA:27,13,0,36
BRDA:28,14,0,0
BRDA:29,15,0,2
BRDA:29,16,0,1
BRDA:29,17,0,35
BRDA:32,18,0,35
BRDA:36,19,0,0
BRDA:37,20,0,0
BRDA:47,21,0,35
BRDA:53,22,0,35
BRDA:56,23,0,34
BRDA:56,24,0,1
BRF:25
BRH:18
end_of_record
TN:
SF:src/redux/campaigns/types.ts
FN:1,(empty-report)
FNF:1
FNH:1
FNDA:1,(empty-report)
LF:0
LH:0
BRDA:1,0,0,1
BRF:1
BRH:1
end_of_record
TN:
SF:src/redux/filters/filtersSlice.ts
FN:22,setNameQuery
FN:25,setDateRange
FN:28,setStatus
FNF:3
FNH:3
FNDA:3,setNameQuery
FNDA:1,setDateRange
FNDA:1,setStatus
DA:1,1
DA:12,1
DA:13,1
DA:14,1
DA:15,1
DA:16,1
DA:18,1
DA:19,1
DA:20,1
DA:21,1
DA:22,1
DA:23,3
DA:24,3
DA:25,1
DA:26,1
DA:27,1
DA:28,1
DA:29,1
DA:30,1
DA:31,1
DA:32,1
DA:34,1
DA:35,1
LF:23
LH:23
BRDA:22,0,0,3
BRDA:25,1,0,1
BRDA:28,2,0,1
BRF:3
BRH:3
end_of_record
TN:
SF:src/redux/users/types.ts
FN:1,(empty-report)
FNF:1
FNH:1
FNDA:1,(empty-report)
LF:0
LH:0
BRDA:1,0,0,1
BRF:1
BRH:1
end_of_record
TN:
SF:src/redux/users/usersSlice.ts
FN:5,getErrorMessage
FN:31,extraReducers
FNF:2
FNH:2
FNDA:1,getErrorMessage
FNDA:4,extraReducers
DA:1,1
DA:3,1
DA:5,1
DA:6,1
DA:8,1
DA:9,1
DA:10,1
DA:11,2
DA:12,2
DA:13,2
DA:14,1
DA:15,1
DA:16,2
DA:17,1
DA:25,1
DA:27,1
DA:28,1
DA:29,1
DA:30,1
DA:31,1
DA:32,4
DA:33,2
DA:34,2
DA:35,4
DA:36,4
DA:37,1
DA:38,1
DA:39,4
DA:40,1
DA:41,4
DA:42,4
DA:43,1
DA:44,1
DA:45,4
DA:46,4
DA:47,1
DA:49,1
LF:37
LH:37
BRDA:5,0,0,1
BRDA:6,1,0,0
BRDA:10,2,0,2
BRDA:13,3,0,1
BRDA:31,4,0,4
BRDA:32,5,0,2
BRDA:36,6,0,1
BRDA:38,7,0,4
BRDA:42,8,0,1
BRDA:44,9,0,0
BRF:10
BRH:8
end_of_record
TN:
SF:src/services/campaignsApi.ts
FN:4,fetchCampaignsApi
FN:9,onAbort
FNF:2
FNH:2
FNDA:2,fetchCampaignsApi
FNDA:1,onAbort
DA:1,1
DA:4,2
DA:5,2
DA:6,2
DA:8,2
DA:9,1
DA:10,1
DA:11,1
DA:12,1
DA:13,1
DA:14,1
DA:15,1
DA:16,2
DA:17,2
DA:19,1
LF:15
LH:15
BRDA:4,0,0,2
BRDA:5,1,0,2
BRDA:8,2,0,1
BRDA:13,3,0,0
BRDA:6,4,0,1
BRDA:9,5,0,1
BRF:6
BRH:5
end_of_record
TN:
SF:src/services/httpClient.ts
FN:2,sleep
FN:4,httpGetJson
FNF:2
FNH:2
FNDA:6,sleep
FNDA:6,httpGetJson
DA:2,1
DA:4,6
DA:5,6
DA:6,6
DA:7,6
DA:8,12
DA:9,12
DA:10,12
DA:11,3
DA:12,9
DA:13,9
DA:14,9
DA:15,9
DA:16,9
DA:17,12
DA:18,2
DA:19,2
LF:17
LH:17
BRDA:2,0,0,6
BRDA:2,1,0,6
BRDA:4,2,0,6
BRDA:7,3,0,12
BRDA:9,4,0,6
BRDA:10,5,0,9
BRDA:10,6,0,1
BRDA:10,7,0,3
BRDA:14,8,0,4
BRDA:14,9,0,1
BRDA:14,10,0,8
BRDA:15,11,0,6
BRDA:17,12,0,2
BRF:13
BRH:13
end_of_record
TN:
SF:src/services/usersApi.ts
FN:5,fetchUsersApi
FNF:1
FNH:1
FNDA:2,fetchUsersApi
DA:1,1
DA:2,1
DA:5,2
DA:6,2
DA:7,2
LF:5
LH:5
BRDA:5,0,0,2
BRF:1
BRH:1
end_of_record
TN:
SF:src/shared/Badge.tsx
FN:1,(empty-report)
FNF:1
FNH:1
FNDA:1,(empty-report)
LF:0
LH:0
BRDA:1,0,0,1
BRF:1
BRH:1
end_of_record
TN:
SF:src/shared/Button.tsx
FN:1,(empty-report)
FNF:1
FNH:1
FNDA:1,(empty-report)
LF:0
LH:0
BRDA:1,0,0,1
BRF:1
BRH:1
end_of_record
TN:
SF:src/utils/config.ts
FNF:0
FNH:0
DA:1,1
DA:2,1
DA:3,1
DA:4,1
LF:4
LH:4
BRF:0
BRH:0
end_of_record
TN:
SF:src/utils/currency.ts
FNF:0
FNH:0
DA:1,1
LF:1
LH:1
BRF:0
BRH:0
end_of_record
TN:
SF:src/utils/date.ts
FN:1,(empty-report)
FNF:1
FNH:0
FNDA:0,(empty-report)
DA:1,0
DA:2,0
DA:3,0
DA:4,0
DA:6,0
DA:7,0
DA:8,0
DA:9,0
DA:10,0
DA:11,0
DA:12,0
DA:14,0
DA:15,0
DA:16,0
DA:17,0
DA:18,0
DA:19,0
LF:17
LH:0
BRDA:1,0,0,0
BRF:1
BRH:0
end_of_record
TN:
SF:src/utils/dateFormat.ts
FN:1,formatDateDDMMYYYY
FNF:1
FNH:1
FNDA:84,formatDateDDMMYYYY
DA:1,1
DA:2,84
DA:3,84
DA:4,84
DA:5,84
DA:6,84
DA:7,84
LF:7
LH:7
BRDA:1,0,0,84
BRF:1
BRH:1
end_of_record
